Created by PLY version 3.11 (http://www.dabeaz.com/ply)

Grammar

Rule 0     S' -> programstruct
Rule 1     programstruct -> program_head SEMICOLON program_body POINT
Rule 2     program_head -> PROGRAM ID LPAREN idlist RPAREN
Rule 3     program_head -> PROGRAM ID
Rule 4     program_body -> const_declarations var_declarations subprogram_declarations compound_statement
Rule 5     idlist -> idlist COM ID
Rule 6     idlist -> ID
Rule 7     const_declarations -> CONST const_declaration SEMICOLON
Rule 8     const_declarations -> <empty>
Rule 9     const_declaration -> const_declaration SEMICOLON ID EQUAL const_value
Rule 10    const_declaration -> ID EQUAL const_value
Rule 11    const_value -> ADDOP NUM
Rule 12    const_value -> ADDOP DIGITS
Rule 13    const_value -> NUM
Rule 14    const_value -> DIGITS
Rule 15    const_value -> QUO LETTER QUO
Rule 16    var_declarations -> VAR var_declaration SEMICOLON
Rule 17    var_declarations -> <empty>
Rule 18    var_declaration -> var_declaration SEMICOLON idlist COLON type
Rule 19    var_declaration -> idlist COLON type
Rule 20    type -> basic_type
Rule 21    type -> ARRAY LBRACKET period RBRACKET OF basic_type
Rule 22    type -> RECORD multype END
Rule 23    basic_type -> INTEGER
Rule 24    basic_type -> REAL
Rule 25    basic_type -> BOOLEAN
Rule 26    basic_type -> CHAR
Rule 27    period -> period COM DIGITS POINTTO DIGITS
Rule 28    period -> DIGITS POINTTO DIGITS
Rule 29    subprogram_declarations -> subprogram_declarations subprogram SEMICOLON
Rule 30    subprogram_declarations -> <empty>
Rule 31    subprogram -> subprogram_head SEMICOLON subprogram_body
Rule 32    subprogram_head -> PROCEDURE ID formal_parameter
Rule 33    subprogram_head -> FUNCTION ID formal_parameter COLON basic_type
Rule 34    formal_parameter -> LPAREN parameter_list RPAREN
Rule 35    formal_parameter -> <empty>
Rule 36    parameter_list -> parameter_list SEMICOLON parameter
Rule 37    parameter_list -> parameter
Rule 38    parameter -> var_parameter
Rule 39    parameter -> value_parameter
Rule 40    var_parameter -> VAR value_parameter
Rule 41    value_parameter -> idlist COLON basic_type
Rule 42    subprogram_body -> const_declarations var_declarations compound_statement
Rule 43    compound_statement -> BEGIN statement_list END
Rule 44    statement_list -> statement_list SEMICOLON statement
Rule 45    statement_list -> statement
Rule 46    statement -> variable ASSIGNOP expression
Rule 47    statement -> procedure_call
Rule 48    statement -> compound_statement
Rule 49    statement -> IF expression THEN statement else_part
Rule 50    statement -> FOR ID ASSIGNOP expression TO expression DO statement
Rule 51    statement -> READ LPAREN variable_list RPAREN
Rule 52    statement -> WRITE LPAREN expression_list RPAREN
Rule 53    statement -> WHILE expression DO statement
Rule 54    statement -> <empty>
Rule 55    variable_list -> variable_list COM variable
Rule 56    variable_list -> variable
Rule 57    variable -> ID id_varpart
Rule 58    id_varpart -> LBRACKET expression_list RBRACKET
Rule 59    id_varpart -> <empty>
Rule 60    procedure_call -> ID
Rule 61    procedure_call -> ID LPAREN expression_list RPAREN
Rule 62    else_part -> ELSE statement
Rule 63    else_part -> <empty>
Rule 64    expression_list -> expression_list COM expression
Rule 65    expression_list -> expression
Rule 66    expression -> simple_expression RELOP simple_expression
Rule 67    expression -> simple_expression
Rule 68    expression -> simple_expression EQUAL simple_expression
Rule 69    simple_expression -> simple_expression ADDOP term
Rule 70    simple_expression -> term
Rule 71    term -> term MULOP factor
Rule 72    term -> factor
Rule 73    factor -> NUM
Rule 74    factor -> DIGITS
Rule 75    factor -> variable
Rule 76    factor -> ID LPAREN expression_list RPAREN
Rule 77    factor -> LPAREN expression_list RPAREN
Rule 78    factor -> NOT factor
Rule 79    factor -> UMINUS factor
Rule 80    multype -> multype ID COLON type SEMICOLON
Rule 81    multype -> ID COLON type SEMICOLON

Terminals, with rules where they appear

ADDOP                : 11 12 69
ARRAY                : 21
ASSIGNOP             : 46 50
BEGIN                : 43
BOOLEAN              : 25
CHAR                 : 26
COLON                : 18 19 33 41 80 81
COM                  : 5 27 55 64
CONST                : 7
DIGITS               : 12 14 27 27 28 28 74
DO                   : 50 53
ELSE                 : 62
END                  : 22 43
EQUAL                : 9 10 68
FOR                  : 50
FUNCTION             : 33
ID                   : 2 3 5 6 9 10 32 33 50 57 60 61 76 80 81
IF                   : 49
INTEGER              : 23
LBRACKET             : 21 58
LETTER               : 15
LPAREN               : 2 34 51 52 61 76 77
MULOP                : 71
NOT                  : 78
NUM                  : 11 13 73
OF                   : 21
POINT                : 1
POINTTO              : 27 28
PROCEDURE            : 32
PROGRAM              : 2 3
QUO                  : 15 15
RBRACKET             : 21 58
READ                 : 51
REAL                 : 24
RECORD               : 22
RELOP                : 66
RPAREN               : 2 34 51 52 61 76 77
SEMICOLON            : 1 7 9 16 18 29 31 36 44 80 81
THEN                 : 49
TO                   : 50
UMINUS               : 79
VAR                  : 16 40
WHILE                : 53
WRITE                : 52
error                : 

Nonterminals, with rules where they appear

basic_type           : 20 21 33 41
compound_statement   : 4 42 48
const_declaration    : 7 9
const_declarations   : 4 42
const_value          : 9 10
else_part            : 49
expression           : 46 49 50 50 53 64 65
expression_list      : 52 58 61 64 76 77
factor               : 71 72 78 79
formal_parameter     : 32 33
id_varpart           : 57
idlist               : 2 5 18 19 41
multype              : 22 80
parameter            : 36 37
parameter_list       : 34 36
period               : 21 27
procedure_call       : 47
program_body         : 1
program_head         : 1
programstruct        : 0
simple_expression    : 66 66 67 68 68 69
statement            : 44 45 49 50 53 62
statement_list       : 43 44
subprogram           : 29
subprogram_body      : 31
subprogram_declarations : 4 29
subprogram_head      : 31
term                 : 69 70 71
type                 : 18 19 80 81
value_parameter      : 39 40
var_declaration      : 16 18
var_declarations     : 4 42
var_parameter        : 38
variable             : 46 55 56 75
variable_list        : 51 55

Parsing method: LALR

state 0

    (0) S' -> . programstruct
    (1) programstruct -> . program_head SEMICOLON program_body POINT
    (2) program_head -> . PROGRAM ID LPAREN idlist RPAREN
    (3) program_head -> . PROGRAM ID

    PROGRAM         shift and go to state 3

    programstruct                  shift and go to state 1
    program_head                   shift and go to state 2

state 1

    (0) S' -> programstruct .



state 2

    (1) programstruct -> program_head . SEMICOLON program_body POINT

    SEMICOLON       shift and go to state 4


state 3

    (2) program_head -> PROGRAM . ID LPAREN idlist RPAREN
    (3) program_head -> PROGRAM . ID

    ID              shift and go to state 5


state 4

    (1) programstruct -> program_head SEMICOLON . program_body POINT
    (4) program_body -> . const_declarations var_declarations subprogram_declarations compound_statement
    (7) const_declarations -> . CONST const_declaration SEMICOLON
    (8) const_declarations -> .

    CONST           shift and go to state 8
    VAR             reduce using rule 8 (const_declarations -> .)
    BEGIN           reduce using rule 8 (const_declarations -> .)
    PROCEDURE       reduce using rule 8 (const_declarations -> .)
    FUNCTION        reduce using rule 8 (const_declarations -> .)

    program_body                   shift and go to state 6
    const_declarations             shift and go to state 7

state 5

    (2) program_head -> PROGRAM ID . LPAREN idlist RPAREN
    (3) program_head -> PROGRAM ID .

    LPAREN          shift and go to state 9
    SEMICOLON       reduce using rule 3 (program_head -> PROGRAM ID .)


state 6

    (1) programstruct -> program_head SEMICOLON program_body . POINT

    POINT           shift and go to state 10


state 7

    (4) program_body -> const_declarations . var_declarations subprogram_declarations compound_statement
    (16) var_declarations -> . VAR var_declaration SEMICOLON
    (17) var_declarations -> .

    VAR             shift and go to state 12
    BEGIN           reduce using rule 17 (var_declarations -> .)
    PROCEDURE       reduce using rule 17 (var_declarations -> .)
    FUNCTION        reduce using rule 17 (var_declarations -> .)

    var_declarations               shift and go to state 11

state 8

    (7) const_declarations -> CONST . const_declaration SEMICOLON
    (9) const_declaration -> . const_declaration SEMICOLON ID EQUAL const_value
    (10) const_declaration -> . ID EQUAL const_value

    ID              shift and go to state 14

    const_declaration              shift and go to state 13

state 9

    (2) program_head -> PROGRAM ID LPAREN . idlist RPAREN
    (5) idlist -> . idlist COM ID
    (6) idlist -> . ID

    ID              shift and go to state 15

    idlist                         shift and go to state 16

state 10

    (1) programstruct -> program_head SEMICOLON program_body POINT .

    $end            reduce using rule 1 (programstruct -> program_head SEMICOLON program_body POINT .)


state 11

    (4) program_body -> const_declarations var_declarations . subprogram_declarations compound_statement
    (29) subprogram_declarations -> . subprogram_declarations subprogram SEMICOLON
    (30) subprogram_declarations -> .

    BEGIN           reduce using rule 30 (subprogram_declarations -> .)
    PROCEDURE       reduce using rule 30 (subprogram_declarations -> .)
    FUNCTION        reduce using rule 30 (subprogram_declarations -> .)

    subprogram_declarations        shift and go to state 17

state 12

    (16) var_declarations -> VAR . var_declaration SEMICOLON
    (18) var_declaration -> . var_declaration SEMICOLON idlist COLON type
    (19) var_declaration -> . idlist COLON type
    (5) idlist -> . idlist COM ID
    (6) idlist -> . ID

    ID              shift and go to state 15

    var_declaration                shift and go to state 18
    idlist                         shift and go to state 19

state 13

    (7) const_declarations -> CONST const_declaration . SEMICOLON
    (9) const_declaration -> const_declaration . SEMICOLON ID EQUAL const_value

    SEMICOLON       shift and go to state 20


state 14

    (10) const_declaration -> ID . EQUAL const_value

    EQUAL           shift and go to state 21


state 15

    (6) idlist -> ID .

    RPAREN          reduce using rule 6 (idlist -> ID .)
    COM             reduce using rule 6 (idlist -> ID .)
    COLON           reduce using rule 6 (idlist -> ID .)


state 16

    (2) program_head -> PROGRAM ID LPAREN idlist . RPAREN
    (5) idlist -> idlist . COM ID

    RPAREN          shift and go to state 22
    COM             shift and go to state 23


state 17

    (4) program_body -> const_declarations var_declarations subprogram_declarations . compound_statement
    (29) subprogram_declarations -> subprogram_declarations . subprogram SEMICOLON
    (43) compound_statement -> . BEGIN statement_list END
    (31) subprogram -> . subprogram_head SEMICOLON subprogram_body
    (32) subprogram_head -> . PROCEDURE ID formal_parameter
    (33) subprogram_head -> . FUNCTION ID formal_parameter COLON basic_type

    BEGIN           shift and go to state 26
    PROCEDURE       shift and go to state 28
    FUNCTION        shift and go to state 29

    compound_statement             shift and go to state 24
    subprogram                     shift and go to state 25
    subprogram_head                shift and go to state 27

state 18

    (16) var_declarations -> VAR var_declaration . SEMICOLON
    (18) var_declaration -> var_declaration . SEMICOLON idlist COLON type

    SEMICOLON       shift and go to state 30


state 19

    (19) var_declaration -> idlist . COLON type
    (5) idlist -> idlist . COM ID

    COLON           shift and go to state 31
    COM             shift and go to state 23


state 20

    (7) const_declarations -> CONST const_declaration SEMICOLON .
    (9) const_declaration -> const_declaration SEMICOLON . ID EQUAL const_value

    VAR             reduce using rule 7 (const_declarations -> CONST const_declaration SEMICOLON .)
    BEGIN           reduce using rule 7 (const_declarations -> CONST const_declaration SEMICOLON .)
    PROCEDURE       reduce using rule 7 (const_declarations -> CONST const_declaration SEMICOLON .)
    FUNCTION        reduce using rule 7 (const_declarations -> CONST const_declaration SEMICOLON .)
    ID              shift and go to state 32


state 21

    (10) const_declaration -> ID EQUAL . const_value
    (11) const_value -> . ADDOP NUM
    (12) const_value -> . ADDOP DIGITS
    (13) const_value -> . NUM
    (14) const_value -> . DIGITS
    (15) const_value -> . QUO LETTER QUO

    ADDOP           shift and go to state 34
    NUM             shift and go to state 35
    DIGITS          shift and go to state 36
    QUO             shift and go to state 37

    const_value                    shift and go to state 33

state 22

    (2) program_head -> PROGRAM ID LPAREN idlist RPAREN .

    SEMICOLON       reduce using rule 2 (program_head -> PROGRAM ID LPAREN idlist RPAREN .)


state 23

    (5) idlist -> idlist COM . ID

    ID              shift and go to state 38


state 24

    (4) program_body -> const_declarations var_declarations subprogram_declarations compound_statement .

    POINT           reduce using rule 4 (program_body -> const_declarations var_declarations subprogram_declarations compound_statement .)


state 25

    (29) subprogram_declarations -> subprogram_declarations subprogram . SEMICOLON

    SEMICOLON       shift and go to state 39


state 26

    (43) compound_statement -> BEGIN . statement_list END
    (44) statement_list -> . statement_list SEMICOLON statement
    (45) statement_list -> . statement
    (46) statement -> . variable ASSIGNOP expression
    (47) statement -> . procedure_call
    (48) statement -> . compound_statement
    (49) statement -> . IF expression THEN statement else_part
    (50) statement -> . FOR ID ASSIGNOP expression TO expression DO statement
    (51) statement -> . READ LPAREN variable_list RPAREN
    (52) statement -> . WRITE LPAREN expression_list RPAREN
    (53) statement -> . WHILE expression DO statement
    (54) statement -> .
    (57) variable -> . ID id_varpart
    (60) procedure_call -> . ID
    (61) procedure_call -> . ID LPAREN expression_list RPAREN
    (43) compound_statement -> . BEGIN statement_list END

    IF              shift and go to state 45
    FOR             shift and go to state 46
    READ            shift and go to state 48
    WRITE           shift and go to state 49
    WHILE           shift and go to state 50
    END             reduce using rule 54 (statement -> .)
    SEMICOLON       reduce using rule 54 (statement -> .)
    ID              shift and go to state 47
    BEGIN           shift and go to state 26

    statement_list                 shift and go to state 40
    statement                      shift and go to state 41
    variable                       shift and go to state 42
    procedure_call                 shift and go to state 43
    compound_statement             shift and go to state 44

state 27

    (31) subprogram -> subprogram_head . SEMICOLON subprogram_body

    SEMICOLON       shift and go to state 51


state 28

    (32) subprogram_head -> PROCEDURE . ID formal_parameter

    ID              shift and go to state 52


state 29

    (33) subprogram_head -> FUNCTION . ID formal_parameter COLON basic_type

    ID              shift and go to state 53


state 30

    (16) var_declarations -> VAR var_declaration SEMICOLON .
    (18) var_declaration -> var_declaration SEMICOLON . idlist COLON type
    (5) idlist -> . idlist COM ID
    (6) idlist -> . ID

    BEGIN           reduce using rule 16 (var_declarations -> VAR var_declaration SEMICOLON .)
    PROCEDURE       reduce using rule 16 (var_declarations -> VAR var_declaration SEMICOLON .)
    FUNCTION        reduce using rule 16 (var_declarations -> VAR var_declaration SEMICOLON .)
    ID              shift and go to state 15

    idlist                         shift and go to state 54

state 31

    (19) var_declaration -> idlist COLON . type
    (20) type -> . basic_type
    (21) type -> . ARRAY LBRACKET period RBRACKET OF basic_type
    (22) type -> . RECORD multype END
    (23) basic_type -> . INTEGER
    (24) basic_type -> . REAL
    (25) basic_type -> . BOOLEAN
    (26) basic_type -> . CHAR

    ARRAY           shift and go to state 57
    RECORD          shift and go to state 58
    INTEGER         shift and go to state 59
    REAL            shift and go to state 60
    BOOLEAN         shift and go to state 61
    CHAR            shift and go to state 62

    type                           shift and go to state 55
    basic_type                     shift and go to state 56

state 32

    (9) const_declaration -> const_declaration SEMICOLON ID . EQUAL const_value

    EQUAL           shift and go to state 63


state 33

    (10) const_declaration -> ID EQUAL const_value .

    SEMICOLON       reduce using rule 10 (const_declaration -> ID EQUAL const_value .)


state 34

    (11) const_value -> ADDOP . NUM
    (12) const_value -> ADDOP . DIGITS

    NUM             shift and go to state 64
    DIGITS          shift and go to state 65


state 35

    (13) const_value -> NUM .

    SEMICOLON       reduce using rule 13 (const_value -> NUM .)


state 36

    (14) const_value -> DIGITS .

    SEMICOLON       reduce using rule 14 (const_value -> DIGITS .)


state 37

    (15) const_value -> QUO . LETTER QUO

    LETTER          shift and go to state 66


state 38

    (5) idlist -> idlist COM ID .

    RPAREN          reduce using rule 5 (idlist -> idlist COM ID .)
    COM             reduce using rule 5 (idlist -> idlist COM ID .)
    COLON           reduce using rule 5 (idlist -> idlist COM ID .)


state 39

    (29) subprogram_declarations -> subprogram_declarations subprogram SEMICOLON .

    BEGIN           reduce using rule 29 (subprogram_declarations -> subprogram_declarations subprogram SEMICOLON .)
    PROCEDURE       reduce using rule 29 (subprogram_declarations -> subprogram_declarations subprogram SEMICOLON .)
    FUNCTION        reduce using rule 29 (subprogram_declarations -> subprogram_declarations subprogram SEMICOLON .)


state 40

    (43) compound_statement -> BEGIN statement_list . END
    (44) statement_list -> statement_list . SEMICOLON statement

    END             shift and go to state 67
    SEMICOLON       shift and go to state 68


state 41

    (45) statement_list -> statement .

    END             reduce using rule 45 (statement_list -> statement .)
    SEMICOLON       reduce using rule 45 (statement_list -> statement .)


state 42

    (46) statement -> variable . ASSIGNOP expression

    ASSIGNOP        shift and go to state 69


state 43

    (47) statement -> procedure_call .

    END             reduce using rule 47 (statement -> procedure_call .)
    SEMICOLON       reduce using rule 47 (statement -> procedure_call .)
    ELSE            reduce using rule 47 (statement -> procedure_call .)


state 44

    (48) statement -> compound_statement .

    END             reduce using rule 48 (statement -> compound_statement .)
    SEMICOLON       reduce using rule 48 (statement -> compound_statement .)
    ELSE            reduce using rule 48 (statement -> compound_statement .)


state 45

    (49) statement -> IF . expression THEN statement else_part
    (66) expression -> . simple_expression RELOP simple_expression
    (67) expression -> . simple_expression
    (68) expression -> . simple_expression EQUAL simple_expression
    (69) simple_expression -> . simple_expression ADDOP term
    (70) simple_expression -> . term
    (71) term -> . term MULOP factor
    (72) term -> . factor
    (73) factor -> . NUM
    (74) factor -> . DIGITS
    (75) factor -> . variable
    (76) factor -> . ID LPAREN expression_list RPAREN
    (77) factor -> . LPAREN expression_list RPAREN
    (78) factor -> . NOT factor
    (79) factor -> . UMINUS factor
    (57) variable -> . ID id_varpart

    NUM             shift and go to state 74
    DIGITS          shift and go to state 75
    ID              shift and go to state 77
    LPAREN          shift and go to state 78
    NOT             shift and go to state 79
    UMINUS          shift and go to state 80

    expression                     shift and go to state 70
    simple_expression              shift and go to state 71
    term                           shift and go to state 72
    factor                         shift and go to state 73
    variable                       shift and go to state 76

state 46

    (50) statement -> FOR . ID ASSIGNOP expression TO expression DO statement

    ID              shift and go to state 81


state 47

    (57) variable -> ID . id_varpart
    (60) procedure_call -> ID .
    (61) procedure_call -> ID . LPAREN expression_list RPAREN
    (58) id_varpart -> . LBRACKET expression_list RBRACKET
    (59) id_varpart -> .

    END             reduce using rule 60 (procedure_call -> ID .)
    SEMICOLON       reduce using rule 60 (procedure_call -> ID .)
    ELSE            reduce using rule 60 (procedure_call -> ID .)
    LPAREN          shift and go to state 83
    LBRACKET        shift and go to state 84
    ASSIGNOP        reduce using rule 59 (id_varpart -> .)

    id_varpart                     shift and go to state 82

state 48

    (51) statement -> READ . LPAREN variable_list RPAREN

    LPAREN          shift and go to state 85


state 49

    (52) statement -> WRITE . LPAREN expression_list RPAREN

    LPAREN          shift and go to state 86


state 50

    (53) statement -> WHILE . expression DO statement
    (66) expression -> . simple_expression RELOP simple_expression
    (67) expression -> . simple_expression
    (68) expression -> . simple_expression EQUAL simple_expression
    (69) simple_expression -> . simple_expression ADDOP term
    (70) simple_expression -> . term
    (71) term -> . term MULOP factor
    (72) term -> . factor
    (73) factor -> . NUM
    (74) factor -> . DIGITS
    (75) factor -> . variable
    (76) factor -> . ID LPAREN expression_list RPAREN
    (77) factor -> . LPAREN expression_list RPAREN
    (78) factor -> . NOT factor
    (79) factor -> . UMINUS factor
    (57) variable -> . ID id_varpart

    NUM             shift and go to state 74
    DIGITS          shift and go to state 75
    ID              shift and go to state 77
    LPAREN          shift and go to state 78
    NOT             shift and go to state 79
    UMINUS          shift and go to state 80

    expression                     shift and go to state 87
    simple_expression              shift and go to state 71
    term                           shift and go to state 72
    factor                         shift and go to state 73
    variable                       shift and go to state 76

state 51

    (31) subprogram -> subprogram_head SEMICOLON . subprogram_body
    (42) subprogram_body -> . const_declarations var_declarations compound_statement
    (7) const_declarations -> . CONST const_declaration SEMICOLON
    (8) const_declarations -> .

    CONST           shift and go to state 8
    VAR             reduce using rule 8 (const_declarations -> .)
    BEGIN           reduce using rule 8 (const_declarations -> .)

    subprogram_body                shift and go to state 88
    const_declarations             shift and go to state 89

state 52

    (32) subprogram_head -> PROCEDURE ID . formal_parameter
    (34) formal_parameter -> . LPAREN parameter_list RPAREN
    (35) formal_parameter -> .

    LPAREN          shift and go to state 91
    SEMICOLON       reduce using rule 35 (formal_parameter -> .)

    formal_parameter               shift and go to state 90

state 53

    (33) subprogram_head -> FUNCTION ID . formal_parameter COLON basic_type
    (34) formal_parameter -> . LPAREN parameter_list RPAREN
    (35) formal_parameter -> .

    LPAREN          shift and go to state 91
    COLON           reduce using rule 35 (formal_parameter -> .)

    formal_parameter               shift and go to state 92

state 54

    (18) var_declaration -> var_declaration SEMICOLON idlist . COLON type
    (5) idlist -> idlist . COM ID

    COLON           shift and go to state 93
    COM             shift and go to state 23


state 55

    (19) var_declaration -> idlist COLON type .

    SEMICOLON       reduce using rule 19 (var_declaration -> idlist COLON type .)


state 56

    (20) type -> basic_type .

    SEMICOLON       reduce using rule 20 (type -> basic_type .)


state 57

    (21) type -> ARRAY . LBRACKET period RBRACKET OF basic_type

    LBRACKET        shift and go to state 94


state 58

    (22) type -> RECORD . multype END
    (80) multype -> . multype ID COLON type SEMICOLON
    (81) multype -> . ID COLON type SEMICOLON

    ID              shift and go to state 96

    multype                        shift and go to state 95

state 59

    (23) basic_type -> INTEGER .

    SEMICOLON       reduce using rule 23 (basic_type -> INTEGER .)
    RPAREN          reduce using rule 23 (basic_type -> INTEGER .)


state 60

    (24) basic_type -> REAL .

    SEMICOLON       reduce using rule 24 (basic_type -> REAL .)
    RPAREN          reduce using rule 24 (basic_type -> REAL .)


state 61

    (25) basic_type -> BOOLEAN .

    SEMICOLON       reduce using rule 25 (basic_type -> BOOLEAN .)
    RPAREN          reduce using rule 25 (basic_type -> BOOLEAN .)


state 62

    (26) basic_type -> CHAR .

    SEMICOLON       reduce using rule 26 (basic_type -> CHAR .)
    RPAREN          reduce using rule 26 (basic_type -> CHAR .)


state 63

    (9) const_declaration -> const_declaration SEMICOLON ID EQUAL . const_value
    (11) const_value -> . ADDOP NUM
    (12) const_value -> . ADDOP DIGITS
    (13) const_value -> . NUM
    (14) const_value -> . DIGITS
    (15) const_value -> . QUO LETTER QUO

    ADDOP           shift and go to state 34
    NUM             shift and go to state 35
    DIGITS          shift and go to state 36
    QUO             shift and go to state 37

    const_value                    shift and go to state 97

state 64

    (11) const_value -> ADDOP NUM .

    SEMICOLON       reduce using rule 11 (const_value -> ADDOP NUM .)


state 65

    (12) const_value -> ADDOP DIGITS .

    SEMICOLON       reduce using rule 12 (const_value -> ADDOP DIGITS .)


state 66

    (15) const_value -> QUO LETTER . QUO

    QUO             shift and go to state 98


state 67

    (43) compound_statement -> BEGIN statement_list END .

    POINT           reduce using rule 43 (compound_statement -> BEGIN statement_list END .)
    END             reduce using rule 43 (compound_statement -> BEGIN statement_list END .)
    SEMICOLON       reduce using rule 43 (compound_statement -> BEGIN statement_list END .)
    ELSE            reduce using rule 43 (compound_statement -> BEGIN statement_list END .)


state 68

    (44) statement_list -> statement_list SEMICOLON . statement
    (46) statement -> . variable ASSIGNOP expression
    (47) statement -> . procedure_call
    (48) statement -> . compound_statement
    (49) statement -> . IF expression THEN statement else_part
    (50) statement -> . FOR ID ASSIGNOP expression TO expression DO statement
    (51) statement -> . READ LPAREN variable_list RPAREN
    (52) statement -> . WRITE LPAREN expression_list RPAREN
    (53) statement -> . WHILE expression DO statement
    (54) statement -> .
    (57) variable -> . ID id_varpart
    (60) procedure_call -> . ID
    (61) procedure_call -> . ID LPAREN expression_list RPAREN
    (43) compound_statement -> . BEGIN statement_list END

    IF              shift and go to state 45
    FOR             shift and go to state 46
    READ            shift and go to state 48
    WRITE           shift and go to state 49
    WHILE           shift and go to state 50
    END             reduce using rule 54 (statement -> .)
    SEMICOLON       reduce using rule 54 (statement -> .)
    ID              shift and go to state 47
    BEGIN           shift and go to state 26

    statement                      shift and go to state 99
    variable                       shift and go to state 42
    procedure_call                 shift and go to state 43
    compound_statement             shift and go to state 44

state 69

    (46) statement -> variable ASSIGNOP . expression
    (66) expression -> . simple_expression RELOP simple_expression
    (67) expression -> . simple_expression
    (68) expression -> . simple_expression EQUAL simple_expression
    (69) simple_expression -> . simple_expression ADDOP term
    (70) simple_expression -> . term
    (71) term -> . term MULOP factor
    (72) term -> . factor
    (73) factor -> . NUM
    (74) factor -> . DIGITS
    (75) factor -> . variable
    (76) factor -> . ID LPAREN expression_list RPAREN
    (77) factor -> . LPAREN expression_list RPAREN
    (78) factor -> . NOT factor
    (79) factor -> . UMINUS factor
    (57) variable -> . ID id_varpart

    NUM             shift and go to state 74
    DIGITS          shift and go to state 75
    ID              shift and go to state 77
    LPAREN          shift and go to state 78
    NOT             shift and go to state 79
    UMINUS          shift and go to state 80

    variable                       shift and go to state 76
    expression                     shift and go to state 100
    simple_expression              shift and go to state 71
    term                           shift and go to state 72
    factor                         shift and go to state 73

state 70

    (49) statement -> IF expression . THEN statement else_part

    THEN            shift and go to state 101


state 71

    (66) expression -> simple_expression . RELOP simple_expression
    (67) expression -> simple_expression .
    (68) expression -> simple_expression . EQUAL simple_expression
    (69) simple_expression -> simple_expression . ADDOP term

    RELOP           shift and go to state 102
    THEN            reduce using rule 67 (expression -> simple_expression .)
    DO              reduce using rule 67 (expression -> simple_expression .)
    END             reduce using rule 67 (expression -> simple_expression .)
    SEMICOLON       reduce using rule 67 (expression -> simple_expression .)
    ELSE            reduce using rule 67 (expression -> simple_expression .)
    RPAREN          reduce using rule 67 (expression -> simple_expression .)
    COM             reduce using rule 67 (expression -> simple_expression .)
    RBRACKET        reduce using rule 67 (expression -> simple_expression .)
    TO              reduce using rule 67 (expression -> simple_expression .)
    EQUAL           shift and go to state 103
    ADDOP           shift and go to state 104


state 72

    (70) simple_expression -> term .
    (71) term -> term . MULOP factor

    RELOP           reduce using rule 70 (simple_expression -> term .)
    EQUAL           reduce using rule 70 (simple_expression -> term .)
    ADDOP           reduce using rule 70 (simple_expression -> term .)
    THEN            reduce using rule 70 (simple_expression -> term .)
    DO              reduce using rule 70 (simple_expression -> term .)
    END             reduce using rule 70 (simple_expression -> term .)
    SEMICOLON       reduce using rule 70 (simple_expression -> term .)
    ELSE            reduce using rule 70 (simple_expression -> term .)
    RPAREN          reduce using rule 70 (simple_expression -> term .)
    COM             reduce using rule 70 (simple_expression -> term .)
    RBRACKET        reduce using rule 70 (simple_expression -> term .)
    TO              reduce using rule 70 (simple_expression -> term .)
    MULOP           shift and go to state 105


state 73

    (72) term -> factor .

    MULOP           reduce using rule 72 (term -> factor .)
    RELOP           reduce using rule 72 (term -> factor .)
    EQUAL           reduce using rule 72 (term -> factor .)
    ADDOP           reduce using rule 72 (term -> factor .)
    THEN            reduce using rule 72 (term -> factor .)
    DO              reduce using rule 72 (term -> factor .)
    END             reduce using rule 72 (term -> factor .)
    SEMICOLON       reduce using rule 72 (term -> factor .)
    ELSE            reduce using rule 72 (term -> factor .)
    RPAREN          reduce using rule 72 (term -> factor .)
    COM             reduce using rule 72 (term -> factor .)
    RBRACKET        reduce using rule 72 (term -> factor .)
    TO              reduce using rule 72 (term -> factor .)


state 74

    (73) factor -> NUM .

    MULOP           reduce using rule 73 (factor -> NUM .)
    RELOP           reduce using rule 73 (factor -> NUM .)
    EQUAL           reduce using rule 73 (factor -> NUM .)
    ADDOP           reduce using rule 73 (factor -> NUM .)
    THEN            reduce using rule 73 (factor -> NUM .)
    DO              reduce using rule 73 (factor -> NUM .)
    END             reduce using rule 73 (factor -> NUM .)
    SEMICOLON       reduce using rule 73 (factor -> NUM .)
    ELSE            reduce using rule 73 (factor -> NUM .)
    RPAREN          reduce using rule 73 (factor -> NUM .)
    COM             reduce using rule 73 (factor -> NUM .)
    RBRACKET        reduce using rule 73 (factor -> NUM .)
    TO              reduce using rule 73 (factor -> NUM .)


state 75

    (74) factor -> DIGITS .

    MULOP           reduce using rule 74 (factor -> DIGITS .)
    RELOP           reduce using rule 74 (factor -> DIGITS .)
    EQUAL           reduce using rule 74 (factor -> DIGITS .)
    ADDOP           reduce using rule 74 (factor -> DIGITS .)
    THEN            reduce using rule 74 (factor -> DIGITS .)
    DO              reduce using rule 74 (factor -> DIGITS .)
    END             reduce using rule 74 (factor -> DIGITS .)
    SEMICOLON       reduce using rule 74 (factor -> DIGITS .)
    ELSE            reduce using rule 74 (factor -> DIGITS .)
    RPAREN          reduce using rule 74 (factor -> DIGITS .)
    COM             reduce using rule 74 (factor -> DIGITS .)
    RBRACKET        reduce using rule 74 (factor -> DIGITS .)
    TO              reduce using rule 74 (factor -> DIGITS .)


state 76

    (75) factor -> variable .

    MULOP           reduce using rule 75 (factor -> variable .)
    RELOP           reduce using rule 75 (factor -> variable .)
    EQUAL           reduce using rule 75 (factor -> variable .)
    ADDOP           reduce using rule 75 (factor -> variable .)
    THEN            reduce using rule 75 (factor -> variable .)
    DO              reduce using rule 75 (factor -> variable .)
    END             reduce using rule 75 (factor -> variable .)
    SEMICOLON       reduce using rule 75 (factor -> variable .)
    ELSE            reduce using rule 75 (factor -> variable .)
    RPAREN          reduce using rule 75 (factor -> variable .)
    COM             reduce using rule 75 (factor -> variable .)
    RBRACKET        reduce using rule 75 (factor -> variable .)
    TO              reduce using rule 75 (factor -> variable .)


state 77

    (76) factor -> ID . LPAREN expression_list RPAREN
    (57) variable -> ID . id_varpart
    (58) id_varpart -> . LBRACKET expression_list RBRACKET
    (59) id_varpart -> .

    LPAREN          shift and go to state 106
    LBRACKET        shift and go to state 84
    MULOP           reduce using rule 59 (id_varpart -> .)
    RELOP           reduce using rule 59 (id_varpart -> .)
    EQUAL           reduce using rule 59 (id_varpart -> .)
    ADDOP           reduce using rule 59 (id_varpart -> .)
    THEN            reduce using rule 59 (id_varpart -> .)
    DO              reduce using rule 59 (id_varpart -> .)
    END             reduce using rule 59 (id_varpart -> .)
    SEMICOLON       reduce using rule 59 (id_varpart -> .)
    ELSE            reduce using rule 59 (id_varpart -> .)
    RPAREN          reduce using rule 59 (id_varpart -> .)
    COM             reduce using rule 59 (id_varpart -> .)
    RBRACKET        reduce using rule 59 (id_varpart -> .)
    TO              reduce using rule 59 (id_varpart -> .)

    id_varpart                     shift and go to state 82

state 78

    (77) factor -> LPAREN . expression_list RPAREN
    (64) expression_list -> . expression_list COM expression
    (65) expression_list -> . expression
    (66) expression -> . simple_expression RELOP simple_expression
    (67) expression -> . simple_expression
    (68) expression -> . simple_expression EQUAL simple_expression
    (69) simple_expression -> . simple_expression ADDOP term
    (70) simple_expression -> . term
    (71) term -> . term MULOP factor
    (72) term -> . factor
    (73) factor -> . NUM
    (74) factor -> . DIGITS
    (75) factor -> . variable
    (76) factor -> . ID LPAREN expression_list RPAREN
    (77) factor -> . LPAREN expression_list RPAREN
    (78) factor -> . NOT factor
    (79) factor -> . UMINUS factor
    (57) variable -> . ID id_varpart

    NUM             shift and go to state 74
    DIGITS          shift and go to state 75
    ID              shift and go to state 77
    LPAREN          shift and go to state 78
    NOT             shift and go to state 79
    UMINUS          shift and go to state 80

    expression_list                shift and go to state 107
    expression                     shift and go to state 108
    simple_expression              shift and go to state 71
    term                           shift and go to state 72
    factor                         shift and go to state 73
    variable                       shift and go to state 76

state 79

    (78) factor -> NOT . factor
    (73) factor -> . NUM
    (74) factor -> . DIGITS
    (75) factor -> . variable
    (76) factor -> . ID LPAREN expression_list RPAREN
    (77) factor -> . LPAREN expression_list RPAREN
    (78) factor -> . NOT factor
    (79) factor -> . UMINUS factor
    (57) variable -> . ID id_varpart

    NUM             shift and go to state 74
    DIGITS          shift and go to state 75
    ID              shift and go to state 77
    LPAREN          shift and go to state 78
    NOT             shift and go to state 79
    UMINUS          shift and go to state 80

    factor                         shift and go to state 109
    variable                       shift and go to state 76

state 80

    (79) factor -> UMINUS . factor
    (73) factor -> . NUM
    (74) factor -> . DIGITS
    (75) factor -> . variable
    (76) factor -> . ID LPAREN expression_list RPAREN
    (77) factor -> . LPAREN expression_list RPAREN
    (78) factor -> . NOT factor
    (79) factor -> . UMINUS factor
    (57) variable -> . ID id_varpart

    NUM             shift and go to state 74
    DIGITS          shift and go to state 75
    ID              shift and go to state 77
    LPAREN          shift and go to state 78
    NOT             shift and go to state 79
    UMINUS          shift and go to state 80

    factor                         shift and go to state 110
    variable                       shift and go to state 76

state 81

    (50) statement -> FOR ID . ASSIGNOP expression TO expression DO statement

    ASSIGNOP        shift and go to state 111


state 82

    (57) variable -> ID id_varpart .

    ASSIGNOP        reduce using rule 57 (variable -> ID id_varpart .)
    MULOP           reduce using rule 57 (variable -> ID id_varpart .)
    RELOP           reduce using rule 57 (variable -> ID id_varpart .)
    EQUAL           reduce using rule 57 (variable -> ID id_varpart .)
    ADDOP           reduce using rule 57 (variable -> ID id_varpart .)
    THEN            reduce using rule 57 (variable -> ID id_varpart .)
    DO              reduce using rule 57 (variable -> ID id_varpart .)
    END             reduce using rule 57 (variable -> ID id_varpart .)
    SEMICOLON       reduce using rule 57 (variable -> ID id_varpart .)
    ELSE            reduce using rule 57 (variable -> ID id_varpart .)
    RPAREN          reduce using rule 57 (variable -> ID id_varpart .)
    COM             reduce using rule 57 (variable -> ID id_varpart .)
    RBRACKET        reduce using rule 57 (variable -> ID id_varpart .)
    TO              reduce using rule 57 (variable -> ID id_varpart .)


state 83

    (61) procedure_call -> ID LPAREN . expression_list RPAREN
    (64) expression_list -> . expression_list COM expression
    (65) expression_list -> . expression
    (66) expression -> . simple_expression RELOP simple_expression
    (67) expression -> . simple_expression
    (68) expression -> . simple_expression EQUAL simple_expression
    (69) simple_expression -> . simple_expression ADDOP term
    (70) simple_expression -> . term
    (71) term -> . term MULOP factor
    (72) term -> . factor
    (73) factor -> . NUM
    (74) factor -> . DIGITS
    (75) factor -> . variable
    (76) factor -> . ID LPAREN expression_list RPAREN
    (77) factor -> . LPAREN expression_list RPAREN
    (78) factor -> . NOT factor
    (79) factor -> . UMINUS factor
    (57) variable -> . ID id_varpart

    NUM             shift and go to state 74
    DIGITS          shift and go to state 75
    ID              shift and go to state 77
    LPAREN          shift and go to state 78
    NOT             shift and go to state 79
    UMINUS          shift and go to state 80

    expression_list                shift and go to state 112
    expression                     shift and go to state 108
    simple_expression              shift and go to state 71
    term                           shift and go to state 72
    factor                         shift and go to state 73
    variable                       shift and go to state 76

state 84

    (58) id_varpart -> LBRACKET . expression_list RBRACKET
    (64) expression_list -> . expression_list COM expression
    (65) expression_list -> . expression
    (66) expression -> . simple_expression RELOP simple_expression
    (67) expression -> . simple_expression
    (68) expression -> . simple_expression EQUAL simple_expression
    (69) simple_expression -> . simple_expression ADDOP term
    (70) simple_expression -> . term
    (71) term -> . term MULOP factor
    (72) term -> . factor
    (73) factor -> . NUM
    (74) factor -> . DIGITS
    (75) factor -> . variable
    (76) factor -> . ID LPAREN expression_list RPAREN
    (77) factor -> . LPAREN expression_list RPAREN
    (78) factor -> . NOT factor
    (79) factor -> . UMINUS factor
    (57) variable -> . ID id_varpart

    NUM             shift and go to state 74
    DIGITS          shift and go to state 75
    ID              shift and go to state 77
    LPAREN          shift and go to state 78
    NOT             shift and go to state 79
    UMINUS          shift and go to state 80

    expression_list                shift and go to state 113
    expression                     shift and go to state 108
    simple_expression              shift and go to state 71
    term                           shift and go to state 72
    factor                         shift and go to state 73
    variable                       shift and go to state 76

state 85

    (51) statement -> READ LPAREN . variable_list RPAREN
    (55) variable_list -> . variable_list COM variable
    (56) variable_list -> . variable
    (57) variable -> . ID id_varpart

    ID              shift and go to state 116

    variable_list                  shift and go to state 114
    variable                       shift and go to state 115

state 86

    (52) statement -> WRITE LPAREN . expression_list RPAREN
    (64) expression_list -> . expression_list COM expression
    (65) expression_list -> . expression
    (66) expression -> . simple_expression RELOP simple_expression
    (67) expression -> . simple_expression
    (68) expression -> . simple_expression EQUAL simple_expression
    (69) simple_expression -> . simple_expression ADDOP term
    (70) simple_expression -> . term
    (71) term -> . term MULOP factor
    (72) term -> . factor
    (73) factor -> . NUM
    (74) factor -> . DIGITS
    (75) factor -> . variable
    (76) factor -> . ID LPAREN expression_list RPAREN
    (77) factor -> . LPAREN expression_list RPAREN
    (78) factor -> . NOT factor
    (79) factor -> . UMINUS factor
    (57) variable -> . ID id_varpart

    NUM             shift and go to state 74
    DIGITS          shift and go to state 75
    ID              shift and go to state 77
    LPAREN          shift and go to state 78
    NOT             shift and go to state 79
    UMINUS          shift and go to state 80

    expression_list                shift and go to state 117
    expression                     shift and go to state 108
    simple_expression              shift and go to state 71
    term                           shift and go to state 72
    factor                         shift and go to state 73
    variable                       shift and go to state 76

state 87

    (53) statement -> WHILE expression . DO statement

    DO              shift and go to state 118


state 88

    (31) subprogram -> subprogram_head SEMICOLON subprogram_body .

    SEMICOLON       reduce using rule 31 (subprogram -> subprogram_head SEMICOLON subprogram_body .)


state 89

    (42) subprogram_body -> const_declarations . var_declarations compound_statement
    (16) var_declarations -> . VAR var_declaration SEMICOLON
    (17) var_declarations -> .

    VAR             shift and go to state 12
    BEGIN           reduce using rule 17 (var_declarations -> .)

    var_declarations               shift and go to state 119

state 90

    (32) subprogram_head -> PROCEDURE ID formal_parameter .

    SEMICOLON       reduce using rule 32 (subprogram_head -> PROCEDURE ID formal_parameter .)


state 91

    (34) formal_parameter -> LPAREN . parameter_list RPAREN
    (36) parameter_list -> . parameter_list SEMICOLON parameter
    (37) parameter_list -> . parameter
    (38) parameter -> . var_parameter
    (39) parameter -> . value_parameter
    (40) var_parameter -> . VAR value_parameter
    (41) value_parameter -> . idlist COLON basic_type
    (5) idlist -> . idlist COM ID
    (6) idlist -> . ID

    VAR             shift and go to state 124
    ID              shift and go to state 15

    parameter_list                 shift and go to state 120
    parameter                      shift and go to state 121
    var_parameter                  shift and go to state 122
    value_parameter                shift and go to state 123
    idlist                         shift and go to state 125

state 92

    (33) subprogram_head -> FUNCTION ID formal_parameter . COLON basic_type

    COLON           shift and go to state 126


state 93

    (18) var_declaration -> var_declaration SEMICOLON idlist COLON . type
    (20) type -> . basic_type
    (21) type -> . ARRAY LBRACKET period RBRACKET OF basic_type
    (22) type -> . RECORD multype END
    (23) basic_type -> . INTEGER
    (24) basic_type -> . REAL
    (25) basic_type -> . BOOLEAN
    (26) basic_type -> . CHAR

    ARRAY           shift and go to state 57
    RECORD          shift and go to state 58
    INTEGER         shift and go to state 59
    REAL            shift and go to state 60
    BOOLEAN         shift and go to state 61
    CHAR            shift and go to state 62

    type                           shift and go to state 127
    basic_type                     shift and go to state 56

state 94

    (21) type -> ARRAY LBRACKET . period RBRACKET OF basic_type
    (27) period -> . period COM DIGITS POINTTO DIGITS
    (28) period -> . DIGITS POINTTO DIGITS

    DIGITS          shift and go to state 129

    period                         shift and go to state 128

state 95

    (22) type -> RECORD multype . END
    (80) multype -> multype . ID COLON type SEMICOLON

    END             shift and go to state 130
    ID              shift and go to state 131


state 96

    (81) multype -> ID . COLON type SEMICOLON

    COLON           shift and go to state 132


state 97

    (9) const_declaration -> const_declaration SEMICOLON ID EQUAL const_value .

    SEMICOLON       reduce using rule 9 (const_declaration -> const_declaration SEMICOLON ID EQUAL const_value .)


state 98

    (15) const_value -> QUO LETTER QUO .

    SEMICOLON       reduce using rule 15 (const_value -> QUO LETTER QUO .)


state 99

    (44) statement_list -> statement_list SEMICOLON statement .

    END             reduce using rule 44 (statement_list -> statement_list SEMICOLON statement .)
    SEMICOLON       reduce using rule 44 (statement_list -> statement_list SEMICOLON statement .)


state 100

    (46) statement -> variable ASSIGNOP expression .

    END             reduce using rule 46 (statement -> variable ASSIGNOP expression .)
    SEMICOLON       reduce using rule 46 (statement -> variable ASSIGNOP expression .)
    ELSE            reduce using rule 46 (statement -> variable ASSIGNOP expression .)


state 101

    (49) statement -> IF expression THEN . statement else_part
    (46) statement -> . variable ASSIGNOP expression
    (47) statement -> . procedure_call
    (48) statement -> . compound_statement
    (49) statement -> . IF expression THEN statement else_part
    (50) statement -> . FOR ID ASSIGNOP expression TO expression DO statement
    (51) statement -> . READ LPAREN variable_list RPAREN
    (52) statement -> . WRITE LPAREN expression_list RPAREN
    (53) statement -> . WHILE expression DO statement
    (54) statement -> .
    (57) variable -> . ID id_varpart
    (60) procedure_call -> . ID
    (61) procedure_call -> . ID LPAREN expression_list RPAREN
    (43) compound_statement -> . BEGIN statement_list END

    IF              shift and go to state 45
    FOR             shift and go to state 46
    READ            shift and go to state 48
    WRITE           shift and go to state 49
    WHILE           shift and go to state 50
    ELSE            reduce using rule 54 (statement -> .)
    END             reduce using rule 54 (statement -> .)
    SEMICOLON       reduce using rule 54 (statement -> .)
    ID              shift and go to state 47
    BEGIN           shift and go to state 26

    statement                      shift and go to state 133
    variable                       shift and go to state 42
    procedure_call                 shift and go to state 43
    compound_statement             shift and go to state 44

state 102

    (66) expression -> simple_expression RELOP . simple_expression
    (69) simple_expression -> . simple_expression ADDOP term
    (70) simple_expression -> . term
    (71) term -> . term MULOP factor
    (72) term -> . factor
    (73) factor -> . NUM
    (74) factor -> . DIGITS
    (75) factor -> . variable
    (76) factor -> . ID LPAREN expression_list RPAREN
    (77) factor -> . LPAREN expression_list RPAREN
    (78) factor -> . NOT factor
    (79) factor -> . UMINUS factor
    (57) variable -> . ID id_varpart

    NUM             shift and go to state 74
    DIGITS          shift and go to state 75
    ID              shift and go to state 77
    LPAREN          shift and go to state 78
    NOT             shift and go to state 79
    UMINUS          shift and go to state 80

    simple_expression              shift and go to state 134
    term                           shift and go to state 72
    factor                         shift and go to state 73
    variable                       shift and go to state 76

state 103

    (68) expression -> simple_expression EQUAL . simple_expression
    (69) simple_expression -> . simple_expression ADDOP term
    (70) simple_expression -> . term
    (71) term -> . term MULOP factor
    (72) term -> . factor
    (73) factor -> . NUM
    (74) factor -> . DIGITS
    (75) factor -> . variable
    (76) factor -> . ID LPAREN expression_list RPAREN
    (77) factor -> . LPAREN expression_list RPAREN
    (78) factor -> . NOT factor
    (79) factor -> . UMINUS factor
    (57) variable -> . ID id_varpart

    NUM             shift and go to state 74
    DIGITS          shift and go to state 75
    ID              shift and go to state 77
    LPAREN          shift and go to state 78
    NOT             shift and go to state 79
    UMINUS          shift and go to state 80

    simple_expression              shift and go to state 135
    term                           shift and go to state 72
    factor                         shift and go to state 73
    variable                       shift and go to state 76

state 104

    (69) simple_expression -> simple_expression ADDOP . term
    (71) term -> . term MULOP factor
    (72) term -> . factor
    (73) factor -> . NUM
    (74) factor -> . DIGITS
    (75) factor -> . variable
    (76) factor -> . ID LPAREN expression_list RPAREN
    (77) factor -> . LPAREN expression_list RPAREN
    (78) factor -> . NOT factor
    (79) factor -> . UMINUS factor
    (57) variable -> . ID id_varpart

    NUM             shift and go to state 74
    DIGITS          shift and go to state 75
    ID              shift and go to state 77
    LPAREN          shift and go to state 78
    NOT             shift and go to state 79
    UMINUS          shift and go to state 80

    term                           shift and go to state 136
    factor                         shift and go to state 73
    variable                       shift and go to state 76

state 105

    (71) term -> term MULOP . factor
    (73) factor -> . NUM
    (74) factor -> . DIGITS
    (75) factor -> . variable
    (76) factor -> . ID LPAREN expression_list RPAREN
    (77) factor -> . LPAREN expression_list RPAREN
    (78) factor -> . NOT factor
    (79) factor -> . UMINUS factor
    (57) variable -> . ID id_varpart

    NUM             shift and go to state 74
    DIGITS          shift and go to state 75
    ID              shift and go to state 77
    LPAREN          shift and go to state 78
    NOT             shift and go to state 79
    UMINUS          shift and go to state 80

    factor                         shift and go to state 137
    variable                       shift and go to state 76

state 106

    (76) factor -> ID LPAREN . expression_list RPAREN
    (64) expression_list -> . expression_list COM expression
    (65) expression_list -> . expression
    (66) expression -> . simple_expression RELOP simple_expression
    (67) expression -> . simple_expression
    (68) expression -> . simple_expression EQUAL simple_expression
    (69) simple_expression -> . simple_expression ADDOP term
    (70) simple_expression -> . term
    (71) term -> . term MULOP factor
    (72) term -> . factor
    (73) factor -> . NUM
    (74) factor -> . DIGITS
    (75) factor -> . variable
    (76) factor -> . ID LPAREN expression_list RPAREN
    (77) factor -> . LPAREN expression_list RPAREN
    (78) factor -> . NOT factor
    (79) factor -> . UMINUS factor
    (57) variable -> . ID id_varpart

    NUM             shift and go to state 74
    DIGITS          shift and go to state 75
    ID              shift and go to state 77
    LPAREN          shift and go to state 78
    NOT             shift and go to state 79
    UMINUS          shift and go to state 80

    expression_list                shift and go to state 138
    expression                     shift and go to state 108
    simple_expression              shift and go to state 71
    term                           shift and go to state 72
    factor                         shift and go to state 73
    variable                       shift and go to state 76

state 107

    (77) factor -> LPAREN expression_list . RPAREN
    (64) expression_list -> expression_list . COM expression

    RPAREN          shift and go to state 139
    COM             shift and go to state 140


state 108

    (65) expression_list -> expression .

    RPAREN          reduce using rule 65 (expression_list -> expression .)
    COM             reduce using rule 65 (expression_list -> expression .)
    RBRACKET        reduce using rule 65 (expression_list -> expression .)


state 109

    (78) factor -> NOT factor .

    MULOP           reduce using rule 78 (factor -> NOT factor .)
    RELOP           reduce using rule 78 (factor -> NOT factor .)
    EQUAL           reduce using rule 78 (factor -> NOT factor .)
    ADDOP           reduce using rule 78 (factor -> NOT factor .)
    THEN            reduce using rule 78 (factor -> NOT factor .)
    DO              reduce using rule 78 (factor -> NOT factor .)
    END             reduce using rule 78 (factor -> NOT factor .)
    SEMICOLON       reduce using rule 78 (factor -> NOT factor .)
    ELSE            reduce using rule 78 (factor -> NOT factor .)
    RPAREN          reduce using rule 78 (factor -> NOT factor .)
    COM             reduce using rule 78 (factor -> NOT factor .)
    RBRACKET        reduce using rule 78 (factor -> NOT factor .)
    TO              reduce using rule 78 (factor -> NOT factor .)


state 110

    (79) factor -> UMINUS factor .

    MULOP           reduce using rule 79 (factor -> UMINUS factor .)
    RELOP           reduce using rule 79 (factor -> UMINUS factor .)
    EQUAL           reduce using rule 79 (factor -> UMINUS factor .)
    ADDOP           reduce using rule 79 (factor -> UMINUS factor .)
    THEN            reduce using rule 79 (factor -> UMINUS factor .)
    DO              reduce using rule 79 (factor -> UMINUS factor .)
    END             reduce using rule 79 (factor -> UMINUS factor .)
    SEMICOLON       reduce using rule 79 (factor -> UMINUS factor .)
    ELSE            reduce using rule 79 (factor -> UMINUS factor .)
    RPAREN          reduce using rule 79 (factor -> UMINUS factor .)
    COM             reduce using rule 79 (factor -> UMINUS factor .)
    RBRACKET        reduce using rule 79 (factor -> UMINUS factor .)
    TO              reduce using rule 79 (factor -> UMINUS factor .)


state 111

    (50) statement -> FOR ID ASSIGNOP . expression TO expression DO statement
    (66) expression -> . simple_expression RELOP simple_expression
    (67) expression -> . simple_expression
    (68) expression -> . simple_expression EQUAL simple_expression
    (69) simple_expression -> . simple_expression ADDOP term
    (70) simple_expression -> . term
    (71) term -> . term MULOP factor
    (72) term -> . factor
    (73) factor -> . NUM
    (74) factor -> . DIGITS
    (75) factor -> . variable
    (76) factor -> . ID LPAREN expression_list RPAREN
    (77) factor -> . LPAREN expression_list RPAREN
    (78) factor -> . NOT factor
    (79) factor -> . UMINUS factor
    (57) variable -> . ID id_varpart

    NUM             shift and go to state 74
    DIGITS          shift and go to state 75
    ID              shift and go to state 77
    LPAREN          shift and go to state 78
    NOT             shift and go to state 79
    UMINUS          shift and go to state 80

    expression                     shift and go to state 141
    simple_expression              shift and go to state 71
    term                           shift and go to state 72
    factor                         shift and go to state 73
    variable                       shift and go to state 76

state 112

    (61) procedure_call -> ID LPAREN expression_list . RPAREN
    (64) expression_list -> expression_list . COM expression

    RPAREN          shift and go to state 142
    COM             shift and go to state 140


state 113

    (58) id_varpart -> LBRACKET expression_list . RBRACKET
    (64) expression_list -> expression_list . COM expression

    RBRACKET        shift and go to state 143
    COM             shift and go to state 140


state 114

    (51) statement -> READ LPAREN variable_list . RPAREN
    (55) variable_list -> variable_list . COM variable

    RPAREN          shift and go to state 144
    COM             shift and go to state 145


state 115

    (56) variable_list -> variable .

    RPAREN          reduce using rule 56 (variable_list -> variable .)
    COM             reduce using rule 56 (variable_list -> variable .)


state 116

    (57) variable -> ID . id_varpart
    (58) id_varpart -> . LBRACKET expression_list RBRACKET
    (59) id_varpart -> .

    LBRACKET        shift and go to state 84
    RPAREN          reduce using rule 59 (id_varpart -> .)
    COM             reduce using rule 59 (id_varpart -> .)

    id_varpart                     shift and go to state 82

state 117

    (52) statement -> WRITE LPAREN expression_list . RPAREN
    (64) expression_list -> expression_list . COM expression

    RPAREN          shift and go to state 146
    COM             shift and go to state 140


state 118

    (53) statement -> WHILE expression DO . statement
    (46) statement -> . variable ASSIGNOP expression
    (47) statement -> . procedure_call
    (48) statement -> . compound_statement
    (49) statement -> . IF expression THEN statement else_part
    (50) statement -> . FOR ID ASSIGNOP expression TO expression DO statement
    (51) statement -> . READ LPAREN variable_list RPAREN
    (52) statement -> . WRITE LPAREN expression_list RPAREN
    (53) statement -> . WHILE expression DO statement
    (54) statement -> .
    (57) variable -> . ID id_varpart
    (60) procedure_call -> . ID
    (61) procedure_call -> . ID LPAREN expression_list RPAREN
    (43) compound_statement -> . BEGIN statement_list END

    IF              shift and go to state 45
    FOR             shift and go to state 46
    READ            shift and go to state 48
    WRITE           shift and go to state 49
    WHILE           shift and go to state 50
    ELSE            reduce using rule 54 (statement -> .)
    END             reduce using rule 54 (statement -> .)
    SEMICOLON       reduce using rule 54 (statement -> .)
    ID              shift and go to state 47
    BEGIN           shift and go to state 26

    statement                      shift and go to state 147
    variable                       shift and go to state 42
    procedure_call                 shift and go to state 43
    compound_statement             shift and go to state 44

state 119

    (42) subprogram_body -> const_declarations var_declarations . compound_statement
    (43) compound_statement -> . BEGIN statement_list END

    BEGIN           shift and go to state 26

    compound_statement             shift and go to state 148

state 120

    (34) formal_parameter -> LPAREN parameter_list . RPAREN
    (36) parameter_list -> parameter_list . SEMICOLON parameter

    RPAREN          shift and go to state 149
    SEMICOLON       shift and go to state 150


state 121

    (37) parameter_list -> parameter .

    RPAREN          reduce using rule 37 (parameter_list -> parameter .)
    SEMICOLON       reduce using rule 37 (parameter_list -> parameter .)


state 122

    (38) parameter -> var_parameter .

    RPAREN          reduce using rule 38 (parameter -> var_parameter .)
    SEMICOLON       reduce using rule 38 (parameter -> var_parameter .)


state 123

    (39) parameter -> value_parameter .

    RPAREN          reduce using rule 39 (parameter -> value_parameter .)
    SEMICOLON       reduce using rule 39 (parameter -> value_parameter .)


state 124

    (40) var_parameter -> VAR . value_parameter
    (41) value_parameter -> . idlist COLON basic_type
    (5) idlist -> . idlist COM ID
    (6) idlist -> . ID

    ID              shift and go to state 15

    value_parameter                shift and go to state 151
    idlist                         shift and go to state 125

state 125

    (41) value_parameter -> idlist . COLON basic_type
    (5) idlist -> idlist . COM ID

    COLON           shift and go to state 152
    COM             shift and go to state 23


state 126

    (33) subprogram_head -> FUNCTION ID formal_parameter COLON . basic_type
    (23) basic_type -> . INTEGER
    (24) basic_type -> . REAL
    (25) basic_type -> . BOOLEAN
    (26) basic_type -> . CHAR

    INTEGER         shift and go to state 59
    REAL            shift and go to state 60
    BOOLEAN         shift and go to state 61
    CHAR            shift and go to state 62

    basic_type                     shift and go to state 153

state 127

    (18) var_declaration -> var_declaration SEMICOLON idlist COLON type .

    SEMICOLON       reduce using rule 18 (var_declaration -> var_declaration SEMICOLON idlist COLON type .)


state 128

    (21) type -> ARRAY LBRACKET period . RBRACKET OF basic_type
    (27) period -> period . COM DIGITS POINTTO DIGITS

    RBRACKET        shift and go to state 154
    COM             shift and go to state 155


state 129

    (28) period -> DIGITS . POINTTO DIGITS

    POINTTO         shift and go to state 156


state 130

    (22) type -> RECORD multype END .

    SEMICOLON       reduce using rule 22 (type -> RECORD multype END .)


state 131

    (80) multype -> multype ID . COLON type SEMICOLON

    COLON           shift and go to state 157


state 132

    (81) multype -> ID COLON . type SEMICOLON
    (20) type -> . basic_type
    (21) type -> . ARRAY LBRACKET period RBRACKET OF basic_type
    (22) type -> . RECORD multype END
    (23) basic_type -> . INTEGER
    (24) basic_type -> . REAL
    (25) basic_type -> . BOOLEAN
    (26) basic_type -> . CHAR

    ARRAY           shift and go to state 57
    RECORD          shift and go to state 58
    INTEGER         shift and go to state 59
    REAL            shift and go to state 60
    BOOLEAN         shift and go to state 61
    CHAR            shift and go to state 62

    type                           shift and go to state 158
    basic_type                     shift and go to state 56

state 133

    (49) statement -> IF expression THEN statement . else_part
    (62) else_part -> . ELSE statement
    (63) else_part -> .

  ! shift/reduce conflict for ELSE resolved as shift
    ELSE            shift and go to state 160
    END             reduce using rule 63 (else_part -> .)
    SEMICOLON       reduce using rule 63 (else_part -> .)

  ! ELSE            [ reduce using rule 63 (else_part -> .) ]

    else_part                      shift and go to state 159

state 134

    (66) expression -> simple_expression RELOP simple_expression .
    (69) simple_expression -> simple_expression . ADDOP term

    THEN            reduce using rule 66 (expression -> simple_expression RELOP simple_expression .)
    DO              reduce using rule 66 (expression -> simple_expression RELOP simple_expression .)
    END             reduce using rule 66 (expression -> simple_expression RELOP simple_expression .)
    SEMICOLON       reduce using rule 66 (expression -> simple_expression RELOP simple_expression .)
    ELSE            reduce using rule 66 (expression -> simple_expression RELOP simple_expression .)
    RPAREN          reduce using rule 66 (expression -> simple_expression RELOP simple_expression .)
    COM             reduce using rule 66 (expression -> simple_expression RELOP simple_expression .)
    RBRACKET        reduce using rule 66 (expression -> simple_expression RELOP simple_expression .)
    TO              reduce using rule 66 (expression -> simple_expression RELOP simple_expression .)
    ADDOP           shift and go to state 104


state 135

    (68) expression -> simple_expression EQUAL simple_expression .
    (69) simple_expression -> simple_expression . ADDOP term

    THEN            reduce using rule 68 (expression -> simple_expression EQUAL simple_expression .)
    DO              reduce using rule 68 (expression -> simple_expression EQUAL simple_expression .)
    END             reduce using rule 68 (expression -> simple_expression EQUAL simple_expression .)
    SEMICOLON       reduce using rule 68 (expression -> simple_expression EQUAL simple_expression .)
    ELSE            reduce using rule 68 (expression -> simple_expression EQUAL simple_expression .)
    RPAREN          reduce using rule 68 (expression -> simple_expression EQUAL simple_expression .)
    COM             reduce using rule 68 (expression -> simple_expression EQUAL simple_expression .)
    RBRACKET        reduce using rule 68 (expression -> simple_expression EQUAL simple_expression .)
    TO              reduce using rule 68 (expression -> simple_expression EQUAL simple_expression .)
    ADDOP           shift and go to state 104


state 136

    (69) simple_expression -> simple_expression ADDOP term .
    (71) term -> term . MULOP factor

    RELOP           reduce using rule 69 (simple_expression -> simple_expression ADDOP term .)
    EQUAL           reduce using rule 69 (simple_expression -> simple_expression ADDOP term .)
    ADDOP           reduce using rule 69 (simple_expression -> simple_expression ADDOP term .)
    THEN            reduce using rule 69 (simple_expression -> simple_expression ADDOP term .)
    DO              reduce using rule 69 (simple_expression -> simple_expression ADDOP term .)
    END             reduce using rule 69 (simple_expression -> simple_expression ADDOP term .)
    SEMICOLON       reduce using rule 69 (simple_expression -> simple_expression ADDOP term .)
    ELSE            reduce using rule 69 (simple_expression -> simple_expression ADDOP term .)
    RPAREN          reduce using rule 69 (simple_expression -> simple_expression ADDOP term .)
    COM             reduce using rule 69 (simple_expression -> simple_expression ADDOP term .)
    RBRACKET        reduce using rule 69 (simple_expression -> simple_expression ADDOP term .)
    TO              reduce using rule 69 (simple_expression -> simple_expression ADDOP term .)
    MULOP           shift and go to state 105


state 137

    (71) term -> term MULOP factor .

    MULOP           reduce using rule 71 (term -> term MULOP factor .)
    RELOP           reduce using rule 71 (term -> term MULOP factor .)
    EQUAL           reduce using rule 71 (term -> term MULOP factor .)
    ADDOP           reduce using rule 71 (term -> term MULOP factor .)
    THEN            reduce using rule 71 (term -> term MULOP factor .)
    DO              reduce using rule 71 (term -> term MULOP factor .)
    END             reduce using rule 71 (term -> term MULOP factor .)
    SEMICOLON       reduce using rule 71 (term -> term MULOP factor .)
    ELSE            reduce using rule 71 (term -> term MULOP factor .)
    RPAREN          reduce using rule 71 (term -> term MULOP factor .)
    COM             reduce using rule 71 (term -> term MULOP factor .)
    RBRACKET        reduce using rule 71 (term -> term MULOP factor .)
    TO              reduce using rule 71 (term -> term MULOP factor .)


state 138

    (76) factor -> ID LPAREN expression_list . RPAREN
    (64) expression_list -> expression_list . COM expression

    RPAREN          shift and go to state 161
    COM             shift and go to state 140


state 139

    (77) factor -> LPAREN expression_list RPAREN .

    MULOP           reduce using rule 77 (factor -> LPAREN expression_list RPAREN .)
    RELOP           reduce using rule 77 (factor -> LPAREN expression_list RPAREN .)
    EQUAL           reduce using rule 77 (factor -> LPAREN expression_list RPAREN .)
    ADDOP           reduce using rule 77 (factor -> LPAREN expression_list RPAREN .)
    THEN            reduce using rule 77 (factor -> LPAREN expression_list RPAREN .)
    DO              reduce using rule 77 (factor -> LPAREN expression_list RPAREN .)
    END             reduce using rule 77 (factor -> LPAREN expression_list RPAREN .)
    SEMICOLON       reduce using rule 77 (factor -> LPAREN expression_list RPAREN .)
    ELSE            reduce using rule 77 (factor -> LPAREN expression_list RPAREN .)
    RPAREN          reduce using rule 77 (factor -> LPAREN expression_list RPAREN .)
    COM             reduce using rule 77 (factor -> LPAREN expression_list RPAREN .)
    RBRACKET        reduce using rule 77 (factor -> LPAREN expression_list RPAREN .)
    TO              reduce using rule 77 (factor -> LPAREN expression_list RPAREN .)


state 140

    (64) expression_list -> expression_list COM . expression
    (66) expression -> . simple_expression RELOP simple_expression
    (67) expression -> . simple_expression
    (68) expression -> . simple_expression EQUAL simple_expression
    (69) simple_expression -> . simple_expression ADDOP term
    (70) simple_expression -> . term
    (71) term -> . term MULOP factor
    (72) term -> . factor
    (73) factor -> . NUM
    (74) factor -> . DIGITS
    (75) factor -> . variable
    (76) factor -> . ID LPAREN expression_list RPAREN
    (77) factor -> . LPAREN expression_list RPAREN
    (78) factor -> . NOT factor
    (79) factor -> . UMINUS factor
    (57) variable -> . ID id_varpart

    NUM             shift and go to state 74
    DIGITS          shift and go to state 75
    ID              shift and go to state 77
    LPAREN          shift and go to state 78
    NOT             shift and go to state 79
    UMINUS          shift and go to state 80

    expression                     shift and go to state 162
    simple_expression              shift and go to state 71
    term                           shift and go to state 72
    factor                         shift and go to state 73
    variable                       shift and go to state 76

state 141

    (50) statement -> FOR ID ASSIGNOP expression . TO expression DO statement

    TO              shift and go to state 163


state 142

    (61) procedure_call -> ID LPAREN expression_list RPAREN .

    END             reduce using rule 61 (procedure_call -> ID LPAREN expression_list RPAREN .)
    SEMICOLON       reduce using rule 61 (procedure_call -> ID LPAREN expression_list RPAREN .)
    ELSE            reduce using rule 61 (procedure_call -> ID LPAREN expression_list RPAREN .)


state 143

    (58) id_varpart -> LBRACKET expression_list RBRACKET .

    ASSIGNOP        reduce using rule 58 (id_varpart -> LBRACKET expression_list RBRACKET .)
    MULOP           reduce using rule 58 (id_varpart -> LBRACKET expression_list RBRACKET .)
    RELOP           reduce using rule 58 (id_varpart -> LBRACKET expression_list RBRACKET .)
    EQUAL           reduce using rule 58 (id_varpart -> LBRACKET expression_list RBRACKET .)
    ADDOP           reduce using rule 58 (id_varpart -> LBRACKET expression_list RBRACKET .)
    THEN            reduce using rule 58 (id_varpart -> LBRACKET expression_list RBRACKET .)
    DO              reduce using rule 58 (id_varpart -> LBRACKET expression_list RBRACKET .)
    END             reduce using rule 58 (id_varpart -> LBRACKET expression_list RBRACKET .)
    SEMICOLON       reduce using rule 58 (id_varpart -> LBRACKET expression_list RBRACKET .)
    ELSE            reduce using rule 58 (id_varpart -> LBRACKET expression_list RBRACKET .)
    RPAREN          reduce using rule 58 (id_varpart -> LBRACKET expression_list RBRACKET .)
    COM             reduce using rule 58 (id_varpart -> LBRACKET expression_list RBRACKET .)
    RBRACKET        reduce using rule 58 (id_varpart -> LBRACKET expression_list RBRACKET .)
    TO              reduce using rule 58 (id_varpart -> LBRACKET expression_list RBRACKET .)


state 144

    (51) statement -> READ LPAREN variable_list RPAREN .

    END             reduce using rule 51 (statement -> READ LPAREN variable_list RPAREN .)
    SEMICOLON       reduce using rule 51 (statement -> READ LPAREN variable_list RPAREN .)
    ELSE            reduce using rule 51 (statement -> READ LPAREN variable_list RPAREN .)


state 145

    (55) variable_list -> variable_list COM . variable
    (57) variable -> . ID id_varpart

    ID              shift and go to state 116

    variable                       shift and go to state 164

state 146

    (52) statement -> WRITE LPAREN expression_list RPAREN .

    END             reduce using rule 52 (statement -> WRITE LPAREN expression_list RPAREN .)
    SEMICOLON       reduce using rule 52 (statement -> WRITE LPAREN expression_list RPAREN .)
    ELSE            reduce using rule 52 (statement -> WRITE LPAREN expression_list RPAREN .)


state 147

    (53) statement -> WHILE expression DO statement .

    END             reduce using rule 53 (statement -> WHILE expression DO statement .)
    SEMICOLON       reduce using rule 53 (statement -> WHILE expression DO statement .)
    ELSE            reduce using rule 53 (statement -> WHILE expression DO statement .)


state 148

    (42) subprogram_body -> const_declarations var_declarations compound_statement .

    SEMICOLON       reduce using rule 42 (subprogram_body -> const_declarations var_declarations compound_statement .)


state 149

    (34) formal_parameter -> LPAREN parameter_list RPAREN .

    SEMICOLON       reduce using rule 34 (formal_parameter -> LPAREN parameter_list RPAREN .)
    COLON           reduce using rule 34 (formal_parameter -> LPAREN parameter_list RPAREN .)


state 150

    (36) parameter_list -> parameter_list SEMICOLON . parameter
    (38) parameter -> . var_parameter
    (39) parameter -> . value_parameter
    (40) var_parameter -> . VAR value_parameter
    (41) value_parameter -> . idlist COLON basic_type
    (5) idlist -> . idlist COM ID
    (6) idlist -> . ID

    VAR             shift and go to state 124
    ID              shift and go to state 15

    parameter                      shift and go to state 165
    var_parameter                  shift and go to state 122
    value_parameter                shift and go to state 123
    idlist                         shift and go to state 125

state 151

    (40) var_parameter -> VAR value_parameter .

    RPAREN          reduce using rule 40 (var_parameter -> VAR value_parameter .)
    SEMICOLON       reduce using rule 40 (var_parameter -> VAR value_parameter .)


state 152

    (41) value_parameter -> idlist COLON . basic_type
    (23) basic_type -> . INTEGER
    (24) basic_type -> . REAL
    (25) basic_type -> . BOOLEAN
    (26) basic_type -> . CHAR

    INTEGER         shift and go to state 59
    REAL            shift and go to state 60
    BOOLEAN         shift and go to state 61
    CHAR            shift and go to state 62

    basic_type                     shift and go to state 166

state 153

    (33) subprogram_head -> FUNCTION ID formal_parameter COLON basic_type .

    SEMICOLON       reduce using rule 33 (subprogram_head -> FUNCTION ID formal_parameter COLON basic_type .)


state 154

    (21) type -> ARRAY LBRACKET period RBRACKET . OF basic_type

    OF              shift and go to state 167


state 155

    (27) period -> period COM . DIGITS POINTTO DIGITS

    DIGITS          shift and go to state 168


state 156

    (28) period -> DIGITS POINTTO . DIGITS

    DIGITS          shift and go to state 169


state 157

    (80) multype -> multype ID COLON . type SEMICOLON
    (20) type -> . basic_type
    (21) type -> . ARRAY LBRACKET period RBRACKET OF basic_type
    (22) type -> . RECORD multype END
    (23) basic_type -> . INTEGER
    (24) basic_type -> . REAL
    (25) basic_type -> . BOOLEAN
    (26) basic_type -> . CHAR

    ARRAY           shift and go to state 57
    RECORD          shift and go to state 58
    INTEGER         shift and go to state 59
    REAL            shift and go to state 60
    BOOLEAN         shift and go to state 61
    CHAR            shift and go to state 62

    type                           shift and go to state 170
    basic_type                     shift and go to state 56

state 158

    (81) multype -> ID COLON type . SEMICOLON

    SEMICOLON       shift and go to state 171


state 159

    (49) statement -> IF expression THEN statement else_part .

    END             reduce using rule 49 (statement -> IF expression THEN statement else_part .)
    SEMICOLON       reduce using rule 49 (statement -> IF expression THEN statement else_part .)
    ELSE            reduce using rule 49 (statement -> IF expression THEN statement else_part .)


state 160

    (62) else_part -> ELSE . statement
    (46) statement -> . variable ASSIGNOP expression
    (47) statement -> . procedure_call
    (48) statement -> . compound_statement
    (49) statement -> . IF expression THEN statement else_part
    (50) statement -> . FOR ID ASSIGNOP expression TO expression DO statement
    (51) statement -> . READ LPAREN variable_list RPAREN
    (52) statement -> . WRITE LPAREN expression_list RPAREN
    (53) statement -> . WHILE expression DO statement
    (54) statement -> .
    (57) variable -> . ID id_varpart
    (60) procedure_call -> . ID
    (61) procedure_call -> . ID LPAREN expression_list RPAREN
    (43) compound_statement -> . BEGIN statement_list END

    IF              shift and go to state 45
    FOR             shift and go to state 46
    READ            shift and go to state 48
    WRITE           shift and go to state 49
    WHILE           shift and go to state 50
    ELSE            reduce using rule 54 (statement -> .)
    END             reduce using rule 54 (statement -> .)
    SEMICOLON       reduce using rule 54 (statement -> .)
    ID              shift and go to state 47
    BEGIN           shift and go to state 26

    statement                      shift and go to state 172
    variable                       shift and go to state 42
    procedure_call                 shift and go to state 43
    compound_statement             shift and go to state 44

state 161

    (76) factor -> ID LPAREN expression_list RPAREN .

    MULOP           reduce using rule 76 (factor -> ID LPAREN expression_list RPAREN .)
    RELOP           reduce using rule 76 (factor -> ID LPAREN expression_list RPAREN .)
    EQUAL           reduce using rule 76 (factor -> ID LPAREN expression_list RPAREN .)
    ADDOP           reduce using rule 76 (factor -> ID LPAREN expression_list RPAREN .)
    THEN            reduce using rule 76 (factor -> ID LPAREN expression_list RPAREN .)
    DO              reduce using rule 76 (factor -> ID LPAREN expression_list RPAREN .)
    END             reduce using rule 76 (factor -> ID LPAREN expression_list RPAREN .)
    SEMICOLON       reduce using rule 76 (factor -> ID LPAREN expression_list RPAREN .)
    ELSE            reduce using rule 76 (factor -> ID LPAREN expression_list RPAREN .)
    RPAREN          reduce using rule 76 (factor -> ID LPAREN expression_list RPAREN .)
    COM             reduce using rule 76 (factor -> ID LPAREN expression_list RPAREN .)
    RBRACKET        reduce using rule 76 (factor -> ID LPAREN expression_list RPAREN .)
    TO              reduce using rule 76 (factor -> ID LPAREN expression_list RPAREN .)


state 162

    (64) expression_list -> expression_list COM expression .

    RPAREN          reduce using rule 64 (expression_list -> expression_list COM expression .)
    COM             reduce using rule 64 (expression_list -> expression_list COM expression .)
    RBRACKET        reduce using rule 64 (expression_list -> expression_list COM expression .)


state 163

    (50) statement -> FOR ID ASSIGNOP expression TO . expression DO statement
    (66) expression -> . simple_expression RELOP simple_expression
    (67) expression -> . simple_expression
    (68) expression -> . simple_expression EQUAL simple_expression
    (69) simple_expression -> . simple_expression ADDOP term
    (70) simple_expression -> . term
    (71) term -> . term MULOP factor
    (72) term -> . factor
    (73) factor -> . NUM
    (74) factor -> . DIGITS
    (75) factor -> . variable
    (76) factor -> . ID LPAREN expression_list RPAREN
    (77) factor -> . LPAREN expression_list RPAREN
    (78) factor -> . NOT factor
    (79) factor -> . UMINUS factor
    (57) variable -> . ID id_varpart

    NUM             shift and go to state 74
    DIGITS          shift and go to state 75
    ID              shift and go to state 77
    LPAREN          shift and go to state 78
    NOT             shift and go to state 79
    UMINUS          shift and go to state 80

    expression                     shift and go to state 173
    simple_expression              shift and go to state 71
    term                           shift and go to state 72
    factor                         shift and go to state 73
    variable                       shift and go to state 76

state 164

    (55) variable_list -> variable_list COM variable .

    RPAREN          reduce using rule 55 (variable_list -> variable_list COM variable .)
    COM             reduce using rule 55 (variable_list -> variable_list COM variable .)


state 165

    (36) parameter_list -> parameter_list SEMICOLON parameter .

    RPAREN          reduce using rule 36 (parameter_list -> parameter_list SEMICOLON parameter .)
    SEMICOLON       reduce using rule 36 (parameter_list -> parameter_list SEMICOLON parameter .)


state 166

    (41) value_parameter -> idlist COLON basic_type .

    RPAREN          reduce using rule 41 (value_parameter -> idlist COLON basic_type .)
    SEMICOLON       reduce using rule 41 (value_parameter -> idlist COLON basic_type .)


state 167

    (21) type -> ARRAY LBRACKET period RBRACKET OF . basic_type
    (23) basic_type -> . INTEGER
    (24) basic_type -> . REAL
    (25) basic_type -> . BOOLEAN
    (26) basic_type -> . CHAR

    INTEGER         shift and go to state 59
    REAL            shift and go to state 60
    BOOLEAN         shift and go to state 61
    CHAR            shift and go to state 62

    basic_type                     shift and go to state 174

state 168

    (27) period -> period COM DIGITS . POINTTO DIGITS

    POINTTO         shift and go to state 175


state 169

    (28) period -> DIGITS POINTTO DIGITS .

    RBRACKET        reduce using rule 28 (period -> DIGITS POINTTO DIGITS .)
    COM             reduce using rule 28 (period -> DIGITS POINTTO DIGITS .)


state 170

    (80) multype -> multype ID COLON type . SEMICOLON

    SEMICOLON       shift and go to state 176


state 171

    (81) multype -> ID COLON type SEMICOLON .

    END             reduce using rule 81 (multype -> ID COLON type SEMICOLON .)
    ID              reduce using rule 81 (multype -> ID COLON type SEMICOLON .)


state 172

    (62) else_part -> ELSE statement .

    ELSE            reduce using rule 62 (else_part -> ELSE statement .)
    END             reduce using rule 62 (else_part -> ELSE statement .)
    SEMICOLON       reduce using rule 62 (else_part -> ELSE statement .)


state 173

    (50) statement -> FOR ID ASSIGNOP expression TO expression . DO statement

    DO              shift and go to state 177


state 174

    (21) type -> ARRAY LBRACKET period RBRACKET OF basic_type .

    SEMICOLON       reduce using rule 21 (type -> ARRAY LBRACKET period RBRACKET OF basic_type .)


state 175

    (27) period -> period COM DIGITS POINTTO . DIGITS

    DIGITS          shift and go to state 178


state 176

    (80) multype -> multype ID COLON type SEMICOLON .

    END             reduce using rule 80 (multype -> multype ID COLON type SEMICOLON .)
    ID              reduce using rule 80 (multype -> multype ID COLON type SEMICOLON .)


state 177

    (50) statement -> FOR ID ASSIGNOP expression TO expression DO . statement
    (46) statement -> . variable ASSIGNOP expression
    (47) statement -> . procedure_call
    (48) statement -> . compound_statement
    (49) statement -> . IF expression THEN statement else_part
    (50) statement -> . FOR ID ASSIGNOP expression TO expression DO statement
    (51) statement -> . READ LPAREN variable_list RPAREN
    (52) statement -> . WRITE LPAREN expression_list RPAREN
    (53) statement -> . WHILE expression DO statement
    (54) statement -> .
    (57) variable -> . ID id_varpart
    (60) procedure_call -> . ID
    (61) procedure_call -> . ID LPAREN expression_list RPAREN
    (43) compound_statement -> . BEGIN statement_list END

    IF              shift and go to state 45
    FOR             shift and go to state 46
    READ            shift and go to state 48
    WRITE           shift and go to state 49
    WHILE           shift and go to state 50
    ELSE            reduce using rule 54 (statement -> .)
    END             reduce using rule 54 (statement -> .)
    SEMICOLON       reduce using rule 54 (statement -> .)
    ID              shift and go to state 47
    BEGIN           shift and go to state 26

    statement                      shift and go to state 179
    variable                       shift and go to state 42
    procedure_call                 shift and go to state 43
    compound_statement             shift and go to state 44

state 178

    (27) period -> period COM DIGITS POINTTO DIGITS .

    RBRACKET        reduce using rule 27 (period -> period COM DIGITS POINTTO DIGITS .)
    COM             reduce using rule 27 (period -> period COM DIGITS POINTTO DIGITS .)


state 179

    (50) statement -> FOR ID ASSIGNOP expression TO expression DO statement .

    END             reduce using rule 50 (statement -> FOR ID ASSIGNOP expression TO expression DO statement .)
    SEMICOLON       reduce using rule 50 (statement -> FOR ID ASSIGNOP expression TO expression DO statement .)
    ELSE            reduce using rule 50 (statement -> FOR ID ASSIGNOP expression TO expression DO statement .)

WARNING: 
WARNING: Conflicts:
WARNING: 
WARNING: shift/reduce conflict for ELSE in state 133 resolved as shift
